2017-01-18 11:14:38.129 - INFO  - ProteusKafkaProducer(36): Starting Proteus Kafka producer...
2017-01-18 11:14:38.142 - INFO  - ProducerConfig(165): ProducerConfig values: 
	compression.type = none
	metric.reporters = []
	metadata.max.age.ms = 300000
	metadata.fetch.timeout.ms = 60000
	reconnect.backoff.ms = 50
	sasl.kerberos.ticket.renew.window.factor = 0.8
	bootstrap.servers = [192.168.4.246:6667, 192.168.4.247:6667, 192.168.4.248:6667]
	retry.backoff.ms = 100
	sasl.kerberos.kinit.cmd = /usr/bin/kinit
	buffer.memory = 33554432
	timeout.ms = 30000
	key.serializer = class org.apache.kafka.common.serialization.StringSerializer
	sasl.kerberos.service.name = null
	sasl.kerberos.ticket.renew.jitter = 0.05
	ssl.keystore.type = JKS
	ssl.trustmanager.algorithm = PKIX
	block.on.buffer.full = false
	ssl.key.password = null
	max.block.ms = 60000
	sasl.kerberos.min.time.before.relogin = 60000
	connections.max.idle.ms = 540000
	ssl.truststore.password = null
	max.in.flight.requests.per.connection = 5
	metrics.num.samples = 2
	client.id = 
	ssl.endpoint.identification.algorithm = null
	ssl.protocol = TLS
	request.timeout.ms = 100
	ssl.provider = null
	ssl.enabled.protocols = [TLSv1.2, TLSv1.1, TLSv1]
	acks = all
	batch.size = 16384
	ssl.keystore.location = null
	receive.buffer.bytes = 32768
	ssl.cipher.suites = null
	ssl.truststore.type = JKS
	security.protocol = PLAINTEXT
	retries = 0
	max.request.size = 1048576
	value.serializer = class org.apache.kafka.common.serialization.StringSerializer
	ssl.truststore.location = null
	ssl.keystore.password = null
	ssl.keymanager.algorithm = SunX509
	metrics.sample.window.ms = 30000
	partitioner.class = class org.apache.kafka.clients.producer.internals.DefaultPartitioner
	send.buffer.bytes = 131072
	linger.ms = 0

2017-01-18 11:14:38.214 - INFO  - AppInfoParser(82): Kafka version : 0.9.0.0
2017-01-18 11:14:38.214 - INFO  - AppInfoParser(83): Kafka commitId : fc7243c2af4b2b4a
2017-01-18 11:15:17.395 - INFO  - ProteusKafkaProducer(36): Starting Proteus Kafka producer...
2017-01-18 11:15:17.408 - INFO  - ProducerConfig(165): ProducerConfig values: 
	compression.type = none
	metric.reporters = []
	metadata.max.age.ms = 300000
	metadata.fetch.timeout.ms = 60000
	reconnect.backoff.ms = 50
	sasl.kerberos.ticket.renew.window.factor = 0.8
	bootstrap.servers = [192.168.4.246:6667, 192.168.4.247:6667, 192.168.4.248:6667]
	retry.backoff.ms = 100
	sasl.kerberos.kinit.cmd = /usr/bin/kinit
	buffer.memory = 33554432
	timeout.ms = 30000
	key.serializer = class org.apache.kafka.common.serialization.StringSerializer
	sasl.kerberos.service.name = null
	sasl.kerberos.ticket.renew.jitter = 0.05
	ssl.keystore.type = JKS
	ssl.trustmanager.algorithm = PKIX
	block.on.buffer.full = false
	ssl.key.password = null
	max.block.ms = 60000
	sasl.kerberos.min.time.before.relogin = 60000
	connections.max.idle.ms = 540000
	ssl.truststore.password = null
	max.in.flight.requests.per.connection = 5
	metrics.num.samples = 2
	client.id = 
	ssl.endpoint.identification.algorithm = null
	ssl.protocol = TLS
	request.timeout.ms = 100
	ssl.provider = null
	ssl.enabled.protocols = [TLSv1.2, TLSv1.1, TLSv1]
	acks = all
	batch.size = 16384
	ssl.keystore.location = null
	receive.buffer.bytes = 32768
	ssl.cipher.suites = null
	ssl.truststore.type = JKS
	security.protocol = PLAINTEXT
	retries = 0
	max.request.size = 1048576
	value.serializer = class org.apache.kafka.common.serialization.StringSerializer
	ssl.truststore.location = null
	ssl.keystore.password = null
	ssl.keymanager.algorithm = SunX509
	metrics.sample.window.ms = 30000
	partitioner.class = class org.apache.kafka.clients.producer.internals.DefaultPartitioner
	send.buffer.bytes = 131072
	linger.ms = 0

2017-01-18 11:15:17.480 - INFO  - AppInfoParser(82): Kafka version : 0.9.0.0
2017-01-18 11:15:17.480 - INFO  - AppInfoParser(83): Kafka commitId : fc7243c2af4b2b4a
2017-01-18 11:15:31.806 - INFO  - ProteusKafkaProducer(36): Starting Proteus Kafka producer...
2017-01-18 11:15:31.818 - INFO  - ProducerConfig(165): ProducerConfig values: 
	compression.type = none
	metric.reporters = []
	metadata.max.age.ms = 300000
	metadata.fetch.timeout.ms = 60000
	reconnect.backoff.ms = 50
	sasl.kerberos.ticket.renew.window.factor = 0.8
	bootstrap.servers = [192.168.4.246:6667, 192.168.4.247:6667, 192.168.4.248:6667]
	retry.backoff.ms = 100
	sasl.kerberos.kinit.cmd = /usr/bin/kinit
	buffer.memory = 33554432
	timeout.ms = 30000
	key.serializer = class org.apache.kafka.common.serialization.StringSerializer
	sasl.kerberos.service.name = null
	sasl.kerberos.ticket.renew.jitter = 0.05
	ssl.keystore.type = JKS
	ssl.trustmanager.algorithm = PKIX
	block.on.buffer.full = false
	ssl.key.password = null
	max.block.ms = 60000
	sasl.kerberos.min.time.before.relogin = 60000
	connections.max.idle.ms = 540000
	ssl.truststore.password = null
	max.in.flight.requests.per.connection = 5
	metrics.num.samples = 2
	client.id = 
	ssl.endpoint.identification.algorithm = null
	ssl.protocol = TLS
	request.timeout.ms = 100
	ssl.provider = null
	ssl.enabled.protocols = [TLSv1.2, TLSv1.1, TLSv1]
	acks = all
	batch.size = 16384
	ssl.keystore.location = null
	receive.buffer.bytes = 32768
	ssl.cipher.suites = null
	ssl.truststore.type = JKS
	security.protocol = PLAINTEXT
	retries = 0
	max.request.size = 1048576
	value.serializer = class org.apache.kafka.common.serialization.StringSerializer
	ssl.truststore.location = null
	ssl.keystore.password = null
	ssl.keymanager.algorithm = SunX509
	metrics.sample.window.ms = 30000
	partitioner.class = class org.apache.kafka.clients.producer.internals.DefaultPartitioner
	send.buffer.bytes = 131072
	linger.ms = 0

2017-01-18 11:15:31.888 - INFO  - AppInfoParser(82): Kafka version : 0.9.0.0
2017-01-18 11:15:31.888 - INFO  - AppInfoParser(83): Kafka commitId : fc7243c2af4b2b4a
2017-01-18 11:15:32.569 - INFO  - ProteusKafkaProducer(65): Starting a new kafka iteration over the HDFS: 
2017-01-18 11:16:53.129 - INFO  - ProteusKafkaProducer(36): Starting Proteus Kafka producer...
2017-01-18 11:16:53.141 - INFO  - ProducerConfig(165): ProducerConfig values: 
	compression.type = none
	metric.reporters = []
	metadata.max.age.ms = 300000
	metadata.fetch.timeout.ms = 60000
	reconnect.backoff.ms = 50
	sasl.kerberos.ticket.renew.window.factor = 0.8
	bootstrap.servers = [192.168.4.246:6667, 192.168.4.247:6667, 192.168.4.248:6667]
	retry.backoff.ms = 100
	sasl.kerberos.kinit.cmd = /usr/bin/kinit
	buffer.memory = 33554432
	timeout.ms = 30000
	key.serializer = class org.apache.kafka.common.serialization.StringSerializer
	sasl.kerberos.service.name = null
	sasl.kerberos.ticket.renew.jitter = 0.05
	ssl.keystore.type = JKS
	ssl.trustmanager.algorithm = PKIX
	block.on.buffer.full = false
	ssl.key.password = null
	max.block.ms = 60000
	sasl.kerberos.min.time.before.relogin = 60000
	connections.max.idle.ms = 540000
	ssl.truststore.password = null
	max.in.flight.requests.per.connection = 5
	metrics.num.samples = 2
	client.id = 
	ssl.endpoint.identification.algorithm = null
	ssl.protocol = TLS
	request.timeout.ms = 100
	ssl.provider = null
	ssl.enabled.protocols = [TLSv1.2, TLSv1.1, TLSv1]
	acks = all
	batch.size = 16384
	ssl.keystore.location = null
	receive.buffer.bytes = 32768
	ssl.cipher.suites = null
	ssl.truststore.type = JKS
	security.protocol = PLAINTEXT
	retries = 0
	max.request.size = 1048576
	value.serializer = class org.apache.kafka.common.serialization.StringSerializer
	ssl.truststore.location = null
	ssl.keystore.password = null
	ssl.keymanager.algorithm = SunX509
	metrics.sample.window.ms = 30000
	partitioner.class = class org.apache.kafka.clients.producer.internals.DefaultPartitioner
	send.buffer.bytes = 131072
	linger.ms = 0

2017-01-18 11:16:53.214 - INFO  - AppInfoParser(82): Kafka version : 0.9.0.0
2017-01-18 11:16:53.214 - INFO  - AppInfoParser(83): Kafka commitId : fc7243c2af4b2b4a
2017-01-18 11:16:53.898 - INFO  - ProteusKafkaProducer(65): Starting a new kafka iteration over the HDFS: 
2017-01-18 11:17:10.935 - INFO  - ProteusKafkaProducer(36): Starting Proteus Kafka producer...
2017-01-18 11:17:10.948 - INFO  - ProducerConfig(165): ProducerConfig values: 
	compression.type = none
	metric.reporters = []
	metadata.max.age.ms = 300000
	metadata.fetch.timeout.ms = 60000
	reconnect.backoff.ms = 50
	sasl.kerberos.ticket.renew.window.factor = 0.8
	bootstrap.servers = [192.168.4.246:6667, 192.168.4.247:6667, 192.168.4.248:6667]
	retry.backoff.ms = 100
	sasl.kerberos.kinit.cmd = /usr/bin/kinit
	buffer.memory = 33554432
	timeout.ms = 30000
	key.serializer = class org.apache.kafka.common.serialization.StringSerializer
	sasl.kerberos.service.name = null
	sasl.kerberos.ticket.renew.jitter = 0.05
	ssl.keystore.type = JKS
	ssl.trustmanager.algorithm = PKIX
	block.on.buffer.full = false
	ssl.key.password = null
	max.block.ms = 60000
	sasl.kerberos.min.time.before.relogin = 60000
	connections.max.idle.ms = 540000
	ssl.truststore.password = null
	max.in.flight.requests.per.connection = 5
	metrics.num.samples = 2
	client.id = 
	ssl.endpoint.identification.algorithm = null
	ssl.protocol = TLS
	request.timeout.ms = 100
	ssl.provider = null
	ssl.enabled.protocols = [TLSv1.2, TLSv1.1, TLSv1]
	acks = all
	batch.size = 16384
	ssl.keystore.location = null
	receive.buffer.bytes = 32768
	ssl.cipher.suites = null
	ssl.truststore.type = JKS
	security.protocol = PLAINTEXT
	retries = 0
	max.request.size = 1048576
	value.serializer = class org.apache.kafka.common.serialization.StringSerializer
	ssl.truststore.location = null
	ssl.keystore.password = null
	ssl.keymanager.algorithm = SunX509
	metrics.sample.window.ms = 30000
	partitioner.class = class org.apache.kafka.clients.producer.internals.DefaultPartitioner
	send.buffer.bytes = 131072
	linger.ms = 0

2017-01-18 11:17:11.022 - INFO  - AppInfoParser(82): Kafka version : 0.9.0.0
2017-01-18 11:17:11.022 - INFO  - AppInfoParser(83): Kafka commitId : fc7243c2af4b2b4a
2017-01-18 11:17:11.691 - INFO  - ProteusKafkaProducer(65): Starting a new kafka iteration over the HDFS: 
2017-01-18 11:18:11.988 - INFO  - ProteusKafkaProducer(36): Starting Proteus Kafka producer...
2017-01-18 11:18:12.000 - INFO  - ProducerConfig(165): ProducerConfig values: 
	compression.type = none
	metric.reporters = []
	metadata.max.age.ms = 300000
	metadata.fetch.timeout.ms = 60000
	reconnect.backoff.ms = 50
	sasl.kerberos.ticket.renew.window.factor = 0.8
	bootstrap.servers = [192.168.4.246:6667, 192.168.4.247:6667, 192.168.4.248:6667]
	retry.backoff.ms = 100
	sasl.kerberos.kinit.cmd = /usr/bin/kinit
	buffer.memory = 33554432
	timeout.ms = 30000
	key.serializer = class org.apache.kafka.common.serialization.StringSerializer
	sasl.kerberos.service.name = null
	sasl.kerberos.ticket.renew.jitter = 0.05
	ssl.keystore.type = JKS
	ssl.trustmanager.algorithm = PKIX
	block.on.buffer.full = false
	ssl.key.password = null
	max.block.ms = 60000
	sasl.kerberos.min.time.before.relogin = 60000
	connections.max.idle.ms = 540000
	ssl.truststore.password = null
	max.in.flight.requests.per.connection = 5
	metrics.num.samples = 2
	client.id = 
	ssl.endpoint.identification.algorithm = null
	ssl.protocol = TLS
	request.timeout.ms = 100
	ssl.provider = null
	ssl.enabled.protocols = [TLSv1.2, TLSv1.1, TLSv1]
	acks = all
	batch.size = 16384
	ssl.keystore.location = null
	receive.buffer.bytes = 32768
	ssl.cipher.suites = null
	ssl.truststore.type = JKS
	security.protocol = PLAINTEXT
	retries = 0
	max.request.size = 1048576
	value.serializer = class org.apache.kafka.common.serialization.StringSerializer
	ssl.truststore.location = null
	ssl.keystore.password = null
	ssl.keymanager.algorithm = SunX509
	metrics.sample.window.ms = 30000
	partitioner.class = class org.apache.kafka.clients.producer.internals.DefaultPartitioner
	send.buffer.bytes = 131072
	linger.ms = 0

2017-01-18 11:18:12.072 - INFO  - AppInfoParser(82): Kafka version : 0.9.0.0
2017-01-18 11:18:12.072 - INFO  - AppInfoParser(83): Kafka commitId : fc7243c2af4b2b4a
2017-01-18 11:18:12.742 - INFO  - ProteusKafkaProducer(65): Starting a new kafka iteration over the HDFS: 
2017-01-18 11:19:13.349 - INFO  - ProteusKafkaProducer(36): Starting Proteus Kafka producer...
2017-01-18 11:19:13.367 - INFO  - ProducerConfig(165): ProducerConfig values: 
	compression.type = none
	metric.reporters = []
	metadata.max.age.ms = 300000
	metadata.fetch.timeout.ms = 60000
	reconnect.backoff.ms = 50
	sasl.kerberos.ticket.renew.window.factor = 0.8
	bootstrap.servers = [192.168.4.246:6667, 192.168.4.247:6667, 192.168.4.248:6667]
	retry.backoff.ms = 100
	sasl.kerberos.kinit.cmd = /usr/bin/kinit
	buffer.memory = 33554432
	timeout.ms = 30000
	key.serializer = class org.apache.kafka.common.serialization.StringSerializer
	sasl.kerberos.service.name = null
	sasl.kerberos.ticket.renew.jitter = 0.05
	ssl.keystore.type = JKS
	ssl.trustmanager.algorithm = PKIX
	block.on.buffer.full = false
	ssl.key.password = null
	max.block.ms = 60000
	sasl.kerberos.min.time.before.relogin = 60000
	connections.max.idle.ms = 540000
	ssl.truststore.password = null
	max.in.flight.requests.per.connection = 5
	metrics.num.samples = 2
	client.id = 
	ssl.endpoint.identification.algorithm = null
	ssl.protocol = TLS
	request.timeout.ms = 100
	ssl.provider = null
	ssl.enabled.protocols = [TLSv1.2, TLSv1.1, TLSv1]
	acks = all
	batch.size = 16384
	ssl.keystore.location = null
	receive.buffer.bytes = 32768
	ssl.cipher.suites = null
	ssl.truststore.type = JKS
	security.protocol = PLAINTEXT
	retries = 0
	max.request.size = 1048576
	value.serializer = class org.apache.kafka.common.serialization.StringSerializer
	ssl.truststore.location = null
	ssl.keystore.password = null
	ssl.keymanager.algorithm = SunX509
	metrics.sample.window.ms = 30000
	partitioner.class = class org.apache.kafka.clients.producer.internals.DefaultPartitioner
	send.buffer.bytes = 131072
	linger.ms = 0

2017-01-18 11:19:13.445 - INFO  - AppInfoParser(82): Kafka version : 0.9.0.0
2017-01-18 11:19:13.445 - INFO  - AppInfoParser(83): Kafka commitId : fc7243c2af4b2b4a
2017-01-18 11:19:14.144 - INFO  - ProteusKafkaProducer(65): Starting a new kafka iteration over the HDFS: 
2017-01-18 11:19:52.753 - INFO  - ProteusKafkaProducer(36): Starting Proteus Kafka producer...
2017-01-18 11:19:52.766 - INFO  - ProducerConfig(165): ProducerConfig values: 
	compression.type = none
	metric.reporters = []
	metadata.max.age.ms = 300000
	metadata.fetch.timeout.ms = 60000
	reconnect.backoff.ms = 50
	sasl.kerberos.ticket.renew.window.factor = 0.8
	bootstrap.servers = [192.168.4.246:6667, 192.168.4.247:6667, 192.168.4.248:6667]
	retry.backoff.ms = 100
	sasl.kerberos.kinit.cmd = /usr/bin/kinit
	buffer.memory = 33554432
	timeout.ms = 30000
	key.serializer = class org.apache.kafka.common.serialization.StringSerializer
	sasl.kerberos.service.name = null
	sasl.kerberos.ticket.renew.jitter = 0.05
	ssl.keystore.type = JKS
	ssl.trustmanager.algorithm = PKIX
	block.on.buffer.full = false
	ssl.key.password = null
	max.block.ms = 60000
	sasl.kerberos.min.time.before.relogin = 60000
	connections.max.idle.ms = 540000
	ssl.truststore.password = null
	max.in.flight.requests.per.connection = 5
	metrics.num.samples = 2
	client.id = 
	ssl.endpoint.identification.algorithm = null
	ssl.protocol = TLS
	request.timeout.ms = 100
	ssl.provider = null
	ssl.enabled.protocols = [TLSv1.2, TLSv1.1, TLSv1]
	acks = all
	batch.size = 16384
	ssl.keystore.location = null
	receive.buffer.bytes = 32768
	ssl.cipher.suites = null
	ssl.truststore.type = JKS
	security.protocol = PLAINTEXT
	retries = 0
	max.request.size = 1048576
	value.serializer = class org.apache.kafka.common.serialization.StringSerializer
	ssl.truststore.location = null
	ssl.keystore.password = null
	ssl.keymanager.algorithm = SunX509
	metrics.sample.window.ms = 30000
	partitioner.class = class org.apache.kafka.clients.producer.internals.DefaultPartitioner
	send.buffer.bytes = 131072
	linger.ms = 0

2017-01-18 11:19:52.841 - INFO  - AppInfoParser(82): Kafka version : 0.9.0.0
2017-01-18 11:19:52.841 - INFO  - AppInfoParser(83): Kafka commitId : fc7243c2af4b2b4a
2017-01-18 11:19:53.562 - INFO  - ProteusKafkaProducer(65): Starting a new kafka iteration over the HDFS: 
2017-01-18 11:23:36.998 - INFO  - ProteusKafkaProducer(36): Starting Proteus Kafka producer...
2017-01-18 11:23:37.012 - INFO  - ProducerConfig(165): ProducerConfig values: 
	compression.type = none
	metric.reporters = []
	metadata.max.age.ms = 300000
	metadata.fetch.timeout.ms = 60000
	reconnect.backoff.ms = 50
	sasl.kerberos.ticket.renew.window.factor = 0.8
	bootstrap.servers = [192.168.4.246:6667, 192.168.4.247:6667, 192.168.4.248:6667]
	retry.backoff.ms = 100
	sasl.kerberos.kinit.cmd = /usr/bin/kinit
	buffer.memory = 33554432
	timeout.ms = 30000
	key.serializer = class org.apache.kafka.common.serialization.StringSerializer
	sasl.kerberos.service.name = null
	sasl.kerberos.ticket.renew.jitter = 0.05
	ssl.keystore.type = JKS
	ssl.trustmanager.algorithm = PKIX
	block.on.buffer.full = false
	ssl.key.password = null
	max.block.ms = 60000
	sasl.kerberos.min.time.before.relogin = 60000
	connections.max.idle.ms = 540000
	ssl.truststore.password = null
	max.in.flight.requests.per.connection = 5
	metrics.num.samples = 2
	client.id = 
	ssl.endpoint.identification.algorithm = null
	ssl.protocol = TLS
	request.timeout.ms = 100
	ssl.provider = null
	ssl.enabled.protocols = [TLSv1.2, TLSv1.1, TLSv1]
	acks = all
	batch.size = 16384
	ssl.keystore.location = null
	receive.buffer.bytes = 32768
	ssl.cipher.suites = null
	ssl.truststore.type = JKS
	security.protocol = PLAINTEXT
	retries = 0
	max.request.size = 1048576
	value.serializer = class org.apache.kafka.common.serialization.StringSerializer
	ssl.truststore.location = null
	ssl.keystore.password = null
	ssl.keymanager.algorithm = SunX509
	metrics.sample.window.ms = 30000
	partitioner.class = class org.apache.kafka.clients.producer.internals.DefaultPartitioner
	send.buffer.bytes = 131072
	linger.ms = 0

2017-01-18 11:23:37.082 - INFO  - AppInfoParser(82): Kafka version : 0.9.0.0
2017-01-18 11:23:37.082 - INFO  - AppInfoParser(83): Kafka commitId : fc7243c2af4b2b4a
2017-01-18 11:23:37.795 - INFO  - ProteusKafkaProducer(65): Starting a new kafka iteration over the HDFS: 
2017-01-18 11:23:51.461 - INFO  - ProteusKafkaProducer(36): Starting Proteus Kafka producer...
2017-01-18 11:23:51.477 - INFO  - ProducerConfig(165): ProducerConfig values: 
	compression.type = none
	metric.reporters = []
	metadata.max.age.ms = 300000
	metadata.fetch.timeout.ms = 60000
	reconnect.backoff.ms = 50
	sasl.kerberos.ticket.renew.window.factor = 0.8
	bootstrap.servers = [192.168.4.246:6667, 192.168.4.247:6667, 192.168.4.248:6667]
	retry.backoff.ms = 100
	sasl.kerberos.kinit.cmd = /usr/bin/kinit
	buffer.memory = 33554432
	timeout.ms = 30000
	key.serializer = class org.apache.kafka.common.serialization.StringSerializer
	sasl.kerberos.service.name = null
	sasl.kerberos.ticket.renew.jitter = 0.05
	ssl.keystore.type = JKS
	ssl.trustmanager.algorithm = PKIX
	block.on.buffer.full = false
	ssl.key.password = null
	max.block.ms = 60000
	sasl.kerberos.min.time.before.relogin = 60000
	connections.max.idle.ms = 540000
	ssl.truststore.password = null
	max.in.flight.requests.per.connection = 5
	metrics.num.samples = 2
	client.id = 
	ssl.endpoint.identification.algorithm = null
	ssl.protocol = TLS
	request.timeout.ms = 100
	ssl.provider = null
	ssl.enabled.protocols = [TLSv1.2, TLSv1.1, TLSv1]
	acks = all
	batch.size = 16384
	ssl.keystore.location = null
	receive.buffer.bytes = 32768
	ssl.cipher.suites = null
	ssl.truststore.type = JKS
	security.protocol = PLAINTEXT
	retries = 0
	max.request.size = 1048576
	value.serializer = class org.apache.kafka.common.serialization.StringSerializer
	ssl.truststore.location = null
	ssl.keystore.password = null
	ssl.keymanager.algorithm = SunX509
	metrics.sample.window.ms = 30000
	partitioner.class = class org.apache.kafka.clients.producer.internals.DefaultPartitioner
	send.buffer.bytes = 131072
	linger.ms = 0

2017-01-18 11:23:51.559 - INFO  - AppInfoParser(82): Kafka version : 0.9.0.0
2017-01-18 11:23:51.559 - INFO  - AppInfoParser(83): Kafka commitId : fc7243c2af4b2b4a
2017-01-18 11:23:52.308 - INFO  - ProteusKafkaProducer(65): Starting a new kafka iteration over the HDFS: 
